2016-02-28 17:12:54 [-][-][-][error][yii\db\Exception] PDOException: SQLSTATE[HY000] [1045] Access denied for user 'root'@'localhost' (using password: YES) in /private/var/www/uptest/_protected/vendor/yiisoft/yii2/db/Connection.php:600
Stack trace:
#0 /private/var/www/uptest/_protected/vendor/yiisoft/yii2/db/Connection.php(600): PDO->__construct('mysql:host=loca...', 'root', 'root', NULL)
#1 /private/var/www/uptest/_protected/vendor/yiisoft/yii2/db/Connection.php(542): yii\db\Connection->createPdoInstance()
#2 /private/var/www/uptest/_protected/vendor/yiisoft/yii2/db/Connection.php(858): yii\db\Connection->open()
#3 /private/var/www/uptest/_protected/vendor/yiisoft/yii2/db/Connection.php(845): yii\db\Connection->getMasterPdo()
#4 /private/var/www/uptest/_protected/vendor/yiisoft/yii2/db/Command.php(219): yii\db\Connection->getSlavePdo()
#5 /private/var/www/uptest/_protected/vendor/yiisoft/yii2/db/Command.php(834): yii\db\Command->prepare(true)
#6 /private/var/www/uptest/_protected/vendor/yiisoft/yii2/db/Command.php(362): yii\db\Command->queryInternal('fetchAll', NULL)
#7 /private/var/www/uptest/_protected/vendor/yiisoft/yii2/db/mysql/Schema.php(198): yii\db\Command->queryAll()
#8 /private/var/www/uptest/_protected/vendor/yiisoft/yii2/db/mysql/Schema.php(97): yii\db\mysql\Schema->findColumns(Object(yii\db\TableSchema))
#9 /private/var/www/uptest/_protected/vendor/yiisoft/yii2/db/Schema.php(146): yii\db\mysql\Schema->loadTableSchema('migration')
#10 /private/var/www/uptest/_protected/vendor/yiisoft/yii2/console/controllers/MigrateController.php(132): yii\db\Schema->getTableSchema('{{%migration}}', true)
#11 /private/var/www/uptest/_protected/vendor/yiisoft/yii2/console/controllers/BaseMigrateController.php(680): yii\console\controllers\MigrateController->getMigrationHistory(NULL)
#12 /private/var/www/uptest/_protected/vendor/yiisoft/yii2/console/controllers/BaseMigrateController.php(123): yii\console\controllers\BaseMigrateController->getNewMigrations()
#13 [internal function]: yii\console\controllers\BaseMigrateController->actionUp(0)
#14 /private/var/www/uptest/_protected/vendor/yiisoft/yii2/base/InlineAction.php(55): call_user_func_array(Array, Array)
#15 /private/var/www/uptest/_protected/vendor/yiisoft/yii2/base/Controller.php(154): yii\base\InlineAction->runWithParams(Array)
#16 /private/var/www/uptest/_protected/vendor/yiisoft/yii2/console/Controller.php(108): yii\base\Controller->runAction('', Array)
#17 /private/var/www/uptest/_protected/vendor/yiisoft/yii2/base/Module.php(454): yii\console\Controller->runAction('', Array)
#18 /private/var/www/uptest/_protected/vendor/yiisoft/yii2/console/Application.php(167): yii\base\Module->runAction('migrate', Array)
#19 /private/var/www/uptest/_protected/vendor/yiisoft/yii2/console/Application.php(143): yii\console\Application->runAction('migrate', Array)
#20 /private/var/www/uptest/_protected/vendor/yiisoft/yii2/base/Application.php(375): yii\console\Application->handleRequest(Object(yii\console\Request))
#21 /private/var/www/uptest/_protected/yii(20): yii\base\Application->run()
#22 {main}

Next yii\db\Exception: SQLSTATE[HY000] [1045] Access denied for user 'root'@'localhost' (using password: YES) in /private/var/www/uptest/_protected/vendor/yiisoft/yii2/db/Connection.php:547
Stack trace:
#0 /private/var/www/uptest/_protected/vendor/yiisoft/yii2/db/Connection.php(858): yii\db\Connection->open()
#1 /private/var/www/uptest/_protected/vendor/yiisoft/yii2/db/Connection.php(845): yii\db\Connection->getMasterPdo()
#2 /private/var/www/uptest/_protected/vendor/yiisoft/yii2/db/Command.php(219): yii\db\Connection->getSlavePdo()
#3 /private/var/www/uptest/_protected/vendor/yiisoft/yii2/db/Command.php(834): yii\db\Command->prepare(true)
#4 /private/var/www/uptest/_protected/vendor/yiisoft/yii2/db/Command.php(362): yii\db\Command->queryInternal('fetchAll', NULL)
#5 /private/var/www/uptest/_protected/vendor/yiisoft/yii2/db/mysql/Schema.php(198): yii\db\Command->queryAll()
#6 /private/var/www/uptest/_protected/vendor/yiisoft/yii2/db/mysql/Schema.php(97): yii\db\mysql\Schema->findColumns(Object(yii\db\TableSchema))
#7 /private/var/www/uptest/_protected/vendor/yiisoft/yii2/db/Schema.php(146): yii\db\mysql\Schema->loadTableSchema('migration')
#8 /private/var/www/uptest/_protected/vendor/yiisoft/yii2/console/controllers/MigrateController.php(132): yii\db\Schema->getTableSchema('{{%migration}}', true)
#9 /private/var/www/uptest/_protected/vendor/yiisoft/yii2/console/controllers/BaseMigrateController.php(680): yii\console\controllers\MigrateController->getMigrationHistory(NULL)
#10 /private/var/www/uptest/_protected/vendor/yiisoft/yii2/console/controllers/BaseMigrateController.php(123): yii\console\controllers\BaseMigrateController->getNewMigrations()
#11 [internal function]: yii\console\controllers\BaseMigrateController->actionUp(0)
#12 /private/var/www/uptest/_protected/vendor/yiisoft/yii2/base/InlineAction.php(55): call_user_func_array(Array, Array)
#13 /private/var/www/uptest/_protected/vendor/yiisoft/yii2/base/Controller.php(154): yii\base\InlineAction->runWithParams(Array)
#14 /private/var/www/uptest/_protected/vendor/yiisoft/yii2/console/Controller.php(108): yii\base\Controller->runAction('', Array)
#15 /private/var/www/uptest/_protected/vendor/yiisoft/yii2/base/Module.php(454): yii\console\Controller->runAction('', Array)
#16 /private/var/www/uptest/_protected/vendor/yiisoft/yii2/console/Application.php(167): yii\base\Module->runAction('migrate', Array)
#17 /private/var/www/uptest/_protected/vendor/yiisoft/yii2/console/Application.php(143): yii\console\Application->runAction('migrate', Array)
#18 /private/var/www/uptest/_protected/vendor/yiisoft/yii2/base/Application.php(375): yii\console\Application->handleRequest(Object(yii\console\Request))
#19 /private/var/www/uptest/_protected/yii(20): yii\base\Application->run()
#20 {main}
Additional Information:

2016-02-28 17:12:54 [-][-][-][info][application] $_SERVER = [
    'TERM_PROGRAM' => 'iTerm.app'
    'SHELL' => '/bin/bash'
    'TERM' => 'xterm-256color'
    'TMPDIR' => '/var/folders/dd/mjbjf5b56_s684s7wfrddydc0000gn/T/'
    'Apple_PubSub_Socket_Render' => '/private/tmp/com.apple.launchd.WrokOJ5F9E/Render'
    'OLDPWD' => '/private/var/www/uptest'
    'USER' => 'rashad'
    'COMMAND_MODE' => 'unix2003'
    'SSH_AUTH_SOCK' => '/private/tmp/com.apple.launchd.lyOvTu61vE/Listeners'
    '__CF_USER_TEXT_ENCODING' => '0x1F5:0x0:0x0'
    'VIRTUAL_ENV' => '/Users/rashad/Python/User'
    'PATH' => '/Users/rashad/Python/User/bin:/Users/rashad/.rbenv/shims:/usr/local/git/bin:/sw/bin/:/usr/local/sbin:/usr/local/mysql/bin:/usr/local/php70/bin:/usr/local/bin:/usr/bin:/bin:/usr/sbin:/sbin:/usr/local/bin/:/usr/local/sbin/:/usr/local/mysql/bin'
    'BLOCKSIZE' => '1k'
    'PWD' => '/private/var/www/uptest/_protected'
    'EDITOR' => '/usr/bin/nano'
    'LANG' => 'en_US.UTF-8'
    'ITERM_PROFILE' => 'Default'
    'XPC_FLAGS' => '0x0'
    'PS1' => '________________________________________________________________________________\\n| \\w @ \\h (\\u) \\n| => '
    'PS2' => '| => '
    'XPC_SERVICE_NAME' => '0'
    'SHLVL' => '1'
    'COLORFGBG' => '7;0'
    'HOME' => '/Users/rashad'
    'DYLD_LIBRARY_PATH' => '/usr/local/mysql/lib:'
    'ITERM_SESSION_ID' => 'w0t5p0'
    'LOGNAME' => 'rashad'
    '_' => './yii'
    'PHP_SELF' => './yii'
    'SCRIPT_NAME' => './yii'
    'SCRIPT_FILENAME' => './yii'
    'PATH_TRANSLATED' => './yii'
    'DOCUMENT_ROOT' => ''
    'REQUEST_TIME_FLOAT' => 1456665174.1658
    'REQUEST_TIME' => 1456665174
    'argv' => [
        0 => './yii'
        1 => 'migrate'
    ]
    'argc' => 2
]
